     1 00000000                                 ; hello-os
     2 00000000                                 ; TAB=4
     3 00000000                                 
     4                                          	ORG		0X7C00			; 指明程序的装载地址
     5 00007C00                                 ; 以下这段是标准 FAT12 格式软盘专用的代码
     6 00007C00 EB 4E                           	JMP		entry
     7 00007C02 90                              	DB		0X90
     8 00007C03                                 
     9 00007C03                                 ;	DB		0XEB, 0X4E, 0X90; 在 Day 2 的 Makefile 中，如果忘记去掉这句话，会一直报错Error37
    10 00007C03 48 45 4C 4C 4F 49 50 4C         	DB		"HELLOIPL"		; 启动扇区名称，可以是任意字符串（8 字节）
    11 00007C0B 0200                            	DW		512				; 每个扇区（sector）的大小（必须为 512 字节）
    12 00007C0D 01                              	DB		1				; 簇（cluster）的大小（必须为 1个 扇区）
    13 00007C0E 0001                            	DW		1 				; FAT 的起始位置（一般从第一个扇区开始）
    14 00007C10 02                              	DB		2				; FAT 的个数（必须为 2）
    15 00007C11 00E0                            	DW		224				; 根目录大小（一般设置为 224 项）
    16 00007C13 0B40                            	DW		2880			; 该磁盘的大小（必须是 2880 扇区）
    17 00007C15 F0                              	DB		0XF0			; 磁盘的种类（必须是 0XF0）
    18 00007C16 0009                            	DW		9				; FAT 的长度（必须是 9个 扇区）
    19 00007C18 0012                            	DW		18				; 1个 磁道（track）有几个扇区（必须是 18）
    20 00007C1A 0002                            	DW		2 				; 磁头数（必须是 2）
    21 00007C1C 00000000                        	DD		0 				; 不使用分区，必须是 0
    22 00007C20 00000B40                        	DD		2880			; 重写一次磁盘大小
    23 00007C24 00 00 29                        	DB		0,0,0X29		; 意义不明，固定
    24 00007C27 FFFFFFFF                        	DD		0XFFFFFFFF		; （可能是）卷标好吗
    25 00007C2B 48 45 4C 4C 4F 2D 4F 53 20 20   	DB		"HELLO-OS   "	; 磁盘的名称（11 字节），空格为3个，必须补满否则报错
       00007C35 20 
    26 00007C36 46 41 54 31 32 20 20 20         	DB		"FAT12   "		; 磁盘格式名称（8 字节），空格为3个，必须补满否则报错
    27 00007C3E 00 00 00 00 00 00 00 00 00 00   	RESB	18 			; 空出 18 字节
       00007C48 00 00 00 00 00 00 00 00 
    28 00007C50                                 ; 程序主体
    29 00007C50                                 entry:
    30 00007C50 B8 0000                         		MOV		AX,0			; 初始化寄存器
    31 00007C53 8E D0                           		MOV		SS,AX
    32 00007C55 BC 7C00                         		MOV		SP,0X7C00
    33 00007C58 8E D8                           		MOV		DS,AX
    34 00007C5A 8E C0                           		MOV		ES,AX
    35 00007C5C                                 
    36 00007C5C BE 7C74                         		MOV		SI,msg
    37 00007C5F                                 putloop:
    38 00007C5F 8A 04                           		MOV		AL,[SI]
    39 00007C61 83 C6 01                        		ADD		SI,1			; SI + 1
    40 00007C64 3C 00                           		CMP		AL,0
    41 00007C66 74 09                           		JE		fin
    42 00007C68 B4 0E                           		MOV		AH,0X0E			; 显示一个文字
    43 00007C6A BB 000F                         		MOV		BX,15			; 指定字符颜色
    44 00007C6D CD 10                           		INT		0X10			; 调用显卡 BIOS
    45 00007C6F EB EE                           		JMP		putloop
    46 00007C71                                 fin:
    47 00007C71 F4                              		HLT						; 让 CPU 停止，等待指令
    48 00007C72 EB FD                           		JMP		fin				; 无限循环
    49 00007C74                                 
    50 00007C74                                 msg:
    51 00007C74                                 ; 信息显示部分
    52 00007C74 0A 0A                           	DB		0X0A, 0X0A		; 2个 换行
    53 00007C76 68 65 6C 6C 6F 2C 20 77 6F 72   	DB		"hello, world"	; 打印到屏幕上的内容，可任意修改
       00007C80 6C 64 
    54 00007C82 0A                              	DB		0X0A			; 换行
    55 00007C83 00                              	DB		0
    56 00007C84                                 
    57 00007C84 00 00 00 00 00 00 00 00 00 00   	RESB	0X7DFE-$		; 填写 0X00，直到 0X001FE
       00007C8E 00 00 00 00 00 00 00 00 00 00 
       00007C98 00 00 00 00 00 00 00 00 00 00 
       00007CA2 00 00 00 00 00 00 00 00 00 00 
       00007CAC 00 00 00 00 00 00 00 00 00 00 
       00007CB6 00 00 00 00 00 00 00 00 00 00 
       00007CC0 00 00 00 00 00 00 00 00 00 00 
       00007CCA 00 00 00 00 00 00 00 00 00 00 
       00007CD4 00 00 00 00 00 00 00 00 00 00 
       00007CDE 00 00 00 00 00 00 00 00 00 00 
       00007CE8 00 00 00 00 00 00 00 00 00 00 
       00007CF2 00 00 00 00 00 00 00 00 00 00 
       00007CFC 00 00 00 00 00 00 00 00 00 00 
       00007D06 00 00 00 00 00 00 00 00 00 00 
       00007D10 00 00 00 00 00 00 00 00 00 00 
       00007D1A 00 00 00 00 00 00 00 00 00 00 
       00007D24 00 00 00 00 00 00 00 00 00 00 
       00007D2E 00 00 00 00 00 00 00 00 00 00 
       00007D38 00 00 00 00 00 00 00 00 00 00 
       00007D42 00 00 00 00 00 00 00 00 00 00 
       00007D4C 00 00 00 00 00 00 00 00 00 00 
       00007D56 00 00 00 00 00 00 00 00 00 00 
       00007D60 00 00 00 00 00 00 00 00 00 00 
       00007D6A 00 00 00 00 00 00 00 00 00 00 
       00007D74 00 00 00 00 00 00 00 00 00 00 
       00007D7E 00 00 00 00 00 00 00 00 00 00 
       00007D88 00 00 00 00 00 00 00 00 00 00 
       00007D92 00 00 00 00 00 00 00 00 00 00 
       00007D9C 00 00 00 00 00 00 00 00 00 00 
       00007DA6 00 00 00 00 00 00 00 00 00 00 
       00007DB0 00 00 00 00 00 00 00 00 00 00 
       00007DBA 00 00 00 00 00 00 00 00 00 00 
       00007DC4 00 00 00 00 00 00 00 00 00 00 
       00007DCE 00 00 00 00 00 00 00 00 00 00 
       00007DD8 00 00 00 00 00 00 00 00 00 00 
       00007DE2 00 00 00 00 00 00 00 00 00 00 
       00007DEC 00 00 00 00 00 00 00 00 00 00 
       00007DF6 00 00 00 00 00 00 00 00 
    58 00007DFE 55 AA                           	DB		0X55, 0XAA